INFO: 2023-03-21 09:22:59,809: main() 'Using profile folder /home/vishalbasnet23/.config/variety/'
INFO: 2023-03-21 09:22:59,816: perform_upgrade() 'Last run version was 0.8.9 or earlier, current version is 0.8.9'
INFO: 2023-03-21 09:23:00,066: process_command() 'Received command: ['--profile', '/home/vishalbasnet23/.config/variety/']'
INFO: 2023-03-21 09:23:00,068: start() 'Using data_path /usr/share/variety'
INFO: 2023-03-21 09:23:00,068: load() 'Jumble loading'
INFO: 2023-03-21 09:23:00,069: _walk_modules() 'Jumble loading module in __init__ from /usr/lib/python3.10/site-packages/variety/plugins/builtin/__init__.py'
INFO: 2023-03-21 09:23:00,078: _walk_modules() 'Jumble loading module in GnomeDisplayModesPlugin from /usr/lib/python3.10/site-packages/variety/plugins/builtin/display_modes/GnomeDisplayModesPlugin.py'
INFO: 2023-03-21 09:23:00,079: load() 'Jumble found plugin class: <class 'GnomeDisplayModesPlugin.GnomeDisplayModesPlugin'>: {'name': 'GnomeDisplayModesPlugin', 'description': 'Display modes relying on the underlying desktop environment', 'version': '1.0', 'author': 'Peter Levi'}'
INFO: 2023-03-21 09:23:00,079: _walk_modules() 'Jumble loading module in LegacyDisplayModesPlugin from /usr/lib/python3.10/site-packages/variety/plugins/builtin/display_modes/LegacyDisplayModesPlugin.py'
INFO: 2023-03-21 09:23:00,079: load() 'Jumble found plugin class: <class 'LegacyDisplayModesPlugin.LegacyDisplayModesPlugin'>: {'name': 'LegacyDisplayModesPlugin', 'description': 'Legacy display mode for compatibility with past Variety versions', 'version': '1.0', 'author': 'Peter Levi'}'
INFO: 2023-03-21 09:23:00,080: _walk_modules() 'Jumble loading module in ResizingDisplayModesPlugin from /usr/lib/python3.10/site-packages/variety/plugins/builtin/display_modes/ResizingDisplayModesPlugin.py'
INFO: 2023-03-21 09:23:00,081: load() 'Jumble found plugin class: <class 'ResizingDisplayModesPlugin.ResizingDisplayModesPlugin'>: {'name': 'ResizingDisplayModesPlugin', 'description': 'Display modes that use image resizing within Variety', 'version': '1.0', 'author': 'Peter Levi'}'
INFO: 2023-03-21 09:23:00,081: _walk_modules() 'Jumble loading module in __init__ from /usr/lib/python3.10/site-packages/variety/plugins/builtin/display_modes/__init__.py'
INFO: 2023-03-21 09:23:00,082: _walk_modules() 'Jumble loading module in APODDownloader from /usr/lib/python3.10/site-packages/variety/plugins/builtin/downloaders/APODDownloader.py'
INFO: 2023-03-21 09:23:00,089: load() 'Jumble found plugin class: <class 'APODDownloader.APODDownloader'>: {'name': 'APODDownloader', 'description': 'NASA Astro Pic of the Day', 'author': 'Peter Levi', 'version': '0.1'}'
INFO: 2023-03-21 09:23:00,090: _walk_modules() 'Jumble loading module in ArtStationDownloader from /usr/lib/python3.10/site-packages/variety/plugins/builtin/downloaders/ArtStationDownloader.py'
INFO: 2023-03-21 09:23:00,091: _walk_modules() 'Jumble loading module in ArtStationSource from /usr/lib/python3.10/site-packages/variety/plugins/builtin/downloaders/ArtStationSource.py'
INFO: 2023-03-21 09:23:00,094: load() 'Jumble found plugin class: <class 'ArtStationSource.ArtStationSource'>: {'name': 'ArtStationSource', 'description': 'Configurable source for fetching images from ArtStation', 'author': 'Denis Gordeev', 'version': '0.1'}'
INFO: 2023-03-21 09:23:00,096: _walk_modules() 'Jumble loading module in BingDownloader from /usr/lib/python3.10/site-packages/variety/plugins/builtin/downloaders/BingDownloader.py'
INFO: 2023-03-21 09:23:00,097: load() 'Jumble found plugin class: <class 'BingDownloader.BingDownloader'>: {'name': 'BingDownloader', 'description': 'Bing Photo of the Day', 'author': 'Peter Levi', 'version': '0.1'}'
INFO: 2023-03-21 09:23:00,098: _walk_modules() 'Jumble loading module in EarthviewDownloader from /usr/lib/python3.10/site-packages/variety/plugins/builtin/downloaders/EarthviewDownloader.py'
INFO: 2023-03-21 09:23:00,099: load() 'Jumble found plugin class: <class 'EarthviewDownloader.EarthviewDownloader'>: {'name': 'EarthviewDownloader', 'description': 'Google Earth View Wallpapers', 'author': 'Peter Levi', 'version': '0.1'}'
INFO: 2023-03-21 09:23:00,101: _walk_modules() 'Jumble loading module in MediaRSSDownloader from /usr/lib/python3.10/site-packages/variety/plugins/builtin/downloaders/MediaRSSDownloader.py'
INFO: 2023-03-21 09:23:00,103: _walk_modules() 'Jumble loading module in MediaRSSSource from /usr/lib/python3.10/site-packages/variety/plugins/builtin/downloaders/MediaRSSSource.py'
INFO: 2023-03-21 09:23:00,105: load() 'Jumble found plugin class: <class 'MediaRSSSource.MediaRSSSource'>: {'name': 'MediaRSSSource', 'description': 'Configurable source for fetching images from MediaRSS feeds', 'author': 'Peter Levi', 'version': '0.1'}'
INFO: 2023-03-21 09:23:00,106: _walk_modules() 'Jumble loading module in NationalGeographicDownloader from /usr/lib/python3.10/site-packages/variety/plugins/builtin/downloaders/NationalGeographicDownloader.py'
INFO: 2023-03-21 09:23:00,107: load() 'Jumble found plugin class: <class 'NationalGeographicDownloader.NationalGeographicDownloader'>: {'name': 'NationalGeographicDownloader', 'description': "National Geographic's photo of the day", 'author': 'Eric Rösch', 'version': '0.1'}'
INFO: 2023-03-21 09:23:00,107: _walk_modules() 'Jumble loading module in RedditDownloader from /usr/lib/python3.10/site-packages/variety/plugins/builtin/downloaders/RedditDownloader.py'
INFO: 2023-03-21 09:23:00,108: _walk_modules() 'Jumble loading module in RedditSource from /usr/lib/python3.10/site-packages/variety/plugins/builtin/downloaders/RedditSource.py'
INFO: 2023-03-21 09:23:00,109: load() 'Jumble found plugin class: <class 'RedditSource.RedditSource'>: {'name': 'RedditSource', 'description': 'Configurable source for fetching images from Reddit', 'author': 'Peter Levi', 'version': '0.1'}'
INFO: 2023-03-21 09:23:00,111: _walk_modules() 'Jumble loading module in UnsplashConfigurableSource from /usr/lib/python3.10/site-packages/variety/plugins/builtin/downloaders/UnsplashConfigurableSource.py'
INFO: 2023-03-21 09:23:00,113: load() 'Jumble found plugin class: <class 'UnsplashConfigurableSource.UnsplashConfigurableSource'>: {'name': 'UnsplashConfigurableSource', 'description': 'Configurable source for fetching photos from Unsplash.com', 'author': 'Peter Levi', 'version': '0.1'}'
INFO: 2023-03-21 09:23:00,114: _walk_modules() 'Jumble loading module in UnsplashDownloader from /usr/lib/python3.10/site-packages/variety/plugins/builtin/downloaders/UnsplashDownloader.py'
INFO: 2023-03-21 09:23:00,114: load() 'Jumble found plugin class: <class 'UnsplashDownloader.UnsplashDownloader'>: {'name': 'UnsplashDownloader', 'description': 'High-resolution photos from Unsplash.com', 'author': 'Peter Levi', 'version': '0.1'}'
INFO: 2023-03-21 09:23:00,116: _walk_modules() 'Jumble loading module in WallhavenDownloader from /usr/lib/python3.10/site-packages/variety/plugins/builtin/downloaders/WallhavenDownloader.py'
INFO: 2023-03-21 09:23:00,118: _walk_modules() 'Jumble loading module in WallhavenLegacyDownloader from /usr/lib/python3.10/site-packages/variety/plugins/builtin/downloaders/WallhavenLegacyDownloader.py'
INFO: 2023-03-21 09:23:00,119: _walk_modules() 'Jumble loading module in WallhavenSource from /usr/lib/python3.10/site-packages/variety/plugins/builtin/downloaders/WallhavenSource.py'
INFO: 2023-03-21 09:23:00,121: load() 'Jumble found plugin class: <class 'WallhavenSource.WallhavenSource'>: {'name': 'WallhavenSource', 'description': 'Configurable source for fetching images from Wallhaven.cc', 'author': 'Peter Levi', 'version': '0.1'}'
INFO: 2023-03-21 09:23:00,122: _walk_modules() 'Jumble loading module in __init__ from /usr/lib/python3.10/site-packages/variety/plugins/builtin/downloaders/__init__.py'
INFO: 2023-03-21 09:23:00,122: _walk_modules() 'Jumble loading module in FortuneSource from /usr/lib/python3.10/site-packages/variety/plugins/builtin/quotes/FortuneSource.py'
INFO: 2023-03-21 09:23:00,126: load() 'Jumble found plugin class: <class 'FortuneSource.FortuneSource'>: {'name': 'UNIX fortune program', 'description': 'Displays quotes using the UNIX fortune program. You may want to install additional fortune packs, e.g. fortunes-bofh-excuses.', 'author': 'Dan Jones', 'version': '0.1'}'
INFO: 2023-03-21 09:23:00,128: _walk_modules() 'Jumble loading module in GoodreadsSource from /usr/lib/python3.10/site-packages/variety/plugins/builtin/quotes/GoodreadsSource.py'
INFO: 2023-03-21 09:23:00,172: load() 'Jumble found plugin class: <class 'GoodreadsSource.GoodreadsSource'>: {'name': 'Goodreads', 'description': 'Fetches quotes from Goodreads.com', 'author': 'Peter Levi', 'version': '0.1'}'
INFO: 2023-03-21 09:23:00,173: _walk_modules() 'Jumble loading module in LocalFilesSource from /usr/lib/python3.10/site-packages/variety/plugins/builtin/quotes/LocalFilesSource.py'
INFO: 2023-03-21 09:23:00,174: load() 'Jumble found plugin class: <class 'LocalFilesSource.LocalFilesSource'>: {'name': 'Local text files', 'description': 'Displays quotes, defined in local text files.\nPut your own txt files in: /home/vishalbasnet23/.config/variety/pluginconfig/quotes/.\nThe file format is:\n\nquote -- author\n.\nsecond quote -- another author\n.\netc...\n\nExample: http://rvelthuis.de/zips/quotes.txt', 'author': 'Peter Levi', 'version': '0.1'}'
INFO: 2023-03-21 09:23:00,174: _walk_modules() 'Jumble loading module in QuotationsPageSource from /usr/lib/python3.10/site-packages/variety/plugins/builtin/quotes/QuotationsPageSource.py'
INFO: 2023-03-21 09:23:00,175: load() 'Jumble found plugin class: <class 'QuotationsPageSource.QuotationsPageSource'>: {'name': 'TheQuotationsPage.com', 'description': 'Fetches quotes from TheQuotationsPage.com', 'author': 'Peter Levi', 'version': '0.1'}'
INFO: 2023-03-21 09:23:00,175: _walk_modules() 'Jumble loading module in UrbanDictionarySource from /usr/lib/python3.10/site-packages/variety/plugins/builtin/quotes/UrbanDictionarySource.py'
INFO: 2023-03-21 09:23:00,175: load() 'Jumble found plugin class: <class 'UrbanDictionarySource.UrbanDictionarySource'>: {'name': 'Urban Dictionary', 'description': 'Displays definitions from Urban Dictionary', 'author': 'James Miller', 'version': '0.1'}'
INFO: 2023-03-21 09:23:00,176: _walk_modules() 'Jumble loading module in __init__ from /usr/lib/python3.10/site-packages/variety/plugins/builtin/quotes/__init__.py'
INFO: 2023-03-21 09:23:00,197: reload_config() 'Creating new downloader for type artstation, location https://www.artstation.com/donglu.rss'
INFO: 2023-03-21 09:23:00,197: reload_config() 'Creating new downloader for type artstation, location https://www.artstation.com/tidalflask.rss'
INFO: 2023-03-21 09:23:00,198: log_options() 'Loaded options:'
INFO: 2023-03-21 09:23:00,198: log_options() 'change_enabled = True'
INFO: 2023-03-21 09:23:00,198: log_options() 'change_interval = 86400'
INFO: 2023-03-21 09:23:00,198: log_options() 'change_on_start = False'
INFO: 2023-03-21 09:23:00,198: log_options() 'clipboard_enabled = False'
INFO: 2023-03-21 09:23:00,198: log_options() 'clipboard_hosts = ['wallhaven.cc', 'wallpapers.net', 'flickr.com', 'imgur.com', 'deviantart.com', 'interfacelift.com', 'vladstudio.com', 'imageshack.us', 'deviantart.net', 'imageshack.com']'
INFO: 2023-03-21 09:23:00,198: log_options() 'clipboard_use_whitelist = True'
INFO: 2023-03-21 09:23:00,198: log_options() 'clock_date_font = Serif 30'
INFO: 2023-03-21 09:23:00,199: log_options() 'clock_enabled = False'
INFO: 2023-03-21 09:23:00,199: log_options() 'clock_filter = -density 100 -font `fc-match -f '%{file[0]}' '%CLOCK_FONT_NAME'` -pointsize %CLOCK_FONT_SIZE -gravity SouthEast -fill '#00000044' -annotate 0x0+[%HOFFSET+58]+[%VOFFSET+108] '%H:%M' -fill white -annotate 0x0+[%HOFFSET+60]+[%VOFFSET+110] '%H:%M' -font `fc-match -f '%{file[0]}' '%DATE_FONT_NAME'` -pointsize %DATE_FONT_SIZE -fill '#00000044' -annotate 0x0+[%HOFFSET+58]+[%VOFFSET+58] '%A, %B %d' -fill white -annotate 0x0+[%HOFFSET+60]+[%VOFFSET+60] '%A, %B %d''
INFO: 2023-03-21 09:23:00,199: log_options() 'clock_font = Serif 70'
INFO: 2023-03-21 09:23:00,199: log_options() 'configfile = /home/vishalbasnet23/.config/variety/variety.conf'
INFO: 2023-03-21 09:23:00,199: log_options() 'copyto_enabled = False'
INFO: 2023-03-21 09:23:00,199: log_options() 'copyto_folder = Default'
INFO: 2023-03-21 09:23:00,199: log_options() 'desired_color = [160, 160, 160]'
INFO: 2023-03-21 09:23:00,199: log_options() 'desired_color_enabled = False'
INFO: 2023-03-21 09:23:00,199: log_options() 'download_folder = /home/vishalbasnet23/.config/variety/Downloaded'
INFO: 2023-03-21 09:23:00,199: log_options() 'download_preference_ratio = 0.9'
INFO: 2023-03-21 09:23:00,199: log_options() 'favorites_folder = /home/vishalbasnet23/.config/variety/Favorites'
INFO: 2023-03-21 09:23:00,199: log_options() 'favorites_operations = [['Downloaded', 'Copy'], ['Fetched', 'Move'], ['Others', 'Copy']]'
INFO: 2023-03-21 09:23:00,199: log_options() 'fetched_folder = /home/vishalbasnet23/.config/variety/Fetched'
INFO: 2023-03-21 09:23:00,199: log_options() 'filters = [[False, 'Keep original', ''], [False, 'Grayscale', '-type Grayscale'], [False, 'Heavy blur', '-scale 20% -blur 0x10 -resize 500%'], [False, 'Soft blur', '-scale 20% -blur 0x2 -resize 500%'], [False, 'Oil painting', '-paint 8'], [False, 'Pointilism', '-spread 10 -noise 3'], [False, 'Pixellate', '-scale 3% -scale 3333%']]'
INFO: 2023-03-21 09:23:00,199: log_options() 'get_wallpaper_script = /home/vishalbasnet23/.config/variety/scripts/get_wallpaper'
INFO: 2023-03-21 09:23:00,199: log_options() 'icon = Light'
INFO: 2023-03-21 09:23:00,199: log_options() 'internet_enabled = True'
INFO: 2023-03-21 09:23:00,199: log_options() 'lightness_enabled = False'
INFO: 2023-03-21 09:23:00,199: log_options() 'lightness_mode = 0'
INFO: 2023-03-21 09:23:00,200: log_options() 'min_rating = 4'
INFO: 2023-03-21 09:23:00,200: log_options() 'min_rating_enabled = False'
INFO: 2023-03-21 09:23:00,200: log_options() 'min_size = 80'
INFO: 2023-03-21 09:23:00,200: log_options() 'min_size_enabled = False'
INFO: 2023-03-21 09:23:00,200: log_options() 'quota_enabled = True'
INFO: 2023-03-21 09:23:00,200: log_options() 'quota_size = 1000'
INFO: 2023-03-21 09:23:00,200: log_options() 'quotes_authors = '
INFO: 2023-03-21 09:23:00,200: log_options() 'quotes_bg_color = [80, 80, 80]'
INFO: 2023-03-21 09:23:00,200: log_options() 'quotes_bg_opacity = 55'
INFO: 2023-03-21 09:23:00,200: log_options() 'quotes_change_enabled = False'
INFO: 2023-03-21 09:23:00,200: log_options() 'quotes_change_interval = 300'
INFO: 2023-03-21 09:23:00,200: log_options() 'quotes_disabled_sources = ['']'
INFO: 2023-03-21 09:23:00,200: log_options() 'quotes_enabled = False'
INFO: 2023-03-21 09:23:00,200: log_options() 'quotes_favorites_file = /home/vishalbasnet23/.config/variety/favorite_quotes.txt'
INFO: 2023-03-21 09:23:00,200: log_options() 'quotes_font = Serif 30'
INFO: 2023-03-21 09:23:00,200: log_options() 'quotes_hpos = 100'
INFO: 2023-03-21 09:23:00,200: log_options() 'quotes_max_length = 250'
INFO: 2023-03-21 09:23:00,200: log_options() 'quotes_tags = funny, politial'
INFO: 2023-03-21 09:23:00,200: log_options() 'quotes_text_color = [255, 255, 255]'
INFO: 2023-03-21 09:23:00,201: log_options() 'quotes_text_shadow = False'
INFO: 2023-03-21 09:23:00,201: log_options() 'quotes_vpos = 40'
INFO: 2023-03-21 09:23:00,201: log_options() 'quotes_width = 70'
INFO: 2023-03-21 09:23:00,201: log_options() 'safe_mode = False'
INFO: 2023-03-21 09:23:00,201: log_options() 'set_wallpaper_script = /home/vishalbasnet23/.config/variety/scripts/set_wallpaper'
INFO: 2023-03-21 09:23:00,201: log_options() 'slideshow_custom_enabled = False'
INFO: 2023-03-21 09:23:00,201: log_options() 'slideshow_custom_folder = /home/vishalbasnet23/Pictures'
INFO: 2023-03-21 09:23:00,201: log_options() 'slideshow_downloads_enabled = False'
INFO: 2023-03-21 09:23:00,201: log_options() 'slideshow_fade = 0.4'
INFO: 2023-03-21 09:23:00,201: log_options() 'slideshow_favorites_enabled = True'
INFO: 2023-03-21 09:23:00,201: log_options() 'slideshow_mode = Fullscreen'
INFO: 2023-03-21 09:23:00,201: log_options() 'slideshow_monitor = All'
INFO: 2023-03-21 09:23:00,201: log_options() 'slideshow_pan = 0.05'
INFO: 2023-03-21 09:23:00,201: log_options() 'slideshow_seconds = 6.0'
INFO: 2023-03-21 09:23:00,201: log_options() 'slideshow_sort_order = Random'
INFO: 2023-03-21 09:23:00,201: log_options() 'slideshow_sources_enabled = True'
INFO: 2023-03-21 09:23:00,202: log_options() 'slideshow_zoom = 0.2'
INFO: 2023-03-21 09:23:00,202: log_options() 'smart_enabled = False'
INFO: 2023-03-21 09:23:00,202: log_options() 'smart_notice_shown = False'
INFO: 2023-03-21 09:23:00,202: log_options() 'smart_register_shown = False'
INFO: 2023-03-21 09:23:00,202: log_options() 'sources = [[False, 'favorites', 'The Favorites folder'], [False, 'fetched', 'The Fetched folder'], [False, 'folder', '/usr/share/backgrounds'], [False, 'flickr', 'tags:colorful;'], [False, 'apod', "NASA's Astronomy Picture of the Day"], [False, 'bing', 'Bing Photo of the Day'], [False, 'earthview', 'Google Earth View Wallpapers'], [False, 'natgeo', "National Geographic's photo of the day"], [False, 'unsplash', 'High-resolution photos from Unsplash.com'], [True, 'artstation', 'https://www.artstation.com/donglu.rss'], [True, 'artstation', 'https://www.artstation.com/tidalflask.rss']]'
INFO: 2023-03-21 09:23:00,202: log_options() 'stats_enabled = True'
INFO: 2023-03-21 09:23:00,202: log_options() 'stats_notice_shown = False'
INFO: 2023-03-21 09:23:00,202: log_options() 'sync_enabled = True'
INFO: 2023-03-21 09:23:00,202: log_options() 'use_landscape_enabled = True'
INFO: 2023-03-21 09:23:00,202: log_options() 'wallhaven_api_key = '
INFO: 2023-03-21 09:23:00,202: log_options() 'wallpaper_auto_rotate = True'
INFO: 2023-03-21 09:23:00,202: log_options() 'wallpaper_display_mode = zoom'
INFO: 2023-03-21 09:23:00,202: reload_config() 'No need to clear prepared queue'
INFO: 2023-03-21 09:23:00,202: update_indicator() 'Setting file info to: /home/vishalbasnet23/.config/variety/Downloaded/artstation_www_artstation_com_donglu_rss/donglu-yu-ack-ev-yggdrasil-presentday-dyu-hires.jpg'
INFO: 2023-03-21 09:23:00,206: load_banned() 'Missing or invalid banned URLs list, no URLs will be banned'
INFO: 2023-03-21 09:23:00,206: load_last_change_time() 'Change interval >= 6 hours, using persisted last_change_time 1679287311.188916'
INFO: 2023-03-21 09:23:00,206: load_last_change_time() 'Still to wait: 3830 seconds'
INFO: 2023-03-21 09:23:00,206: update_indicator() 'Setting file info to: /home/vishalbasnet23/.config/variety/Downloaded/artstation_www_artstation_com_donglu_rss/donglu-yu-ack-ev-yggdrasil-presentday-dyu-hires.jpg'
INFO: 2023-03-21 09:23:00,207: regular_change_thread() 'regular_change thread running'
INFO: 2023-03-21 09:23:00,208: prepare_thread() 'Prepare thread running'
INFO: 2023-03-21 09:23:00,208: prepare_thread() 'Prepared buffer contains 0 images'
INFO: 2023-03-21 09:23:00,209: prepare_thread() 'Preparing some images'
INFO: 2023-03-21 09:23:00,210: update_indicator_icon() 'Creating indicator'
WARNING: 2023-03-21 09:23:00,301: create_menu() 'Variety Slideshow is not installed. This is an optional extension adding pan-and-zoom slideshows to Variety: see https://github.com/peterlevi/variety-slideshow for details'
INFO: 2023-03-21 09:23:00,302: create_indicator() 'indicator backend: fallback tray'
INFO: 2023-03-21 09:23:00,310: do_set_wp() 'Calling do_set_wp with /home/vishalbasnet23/.config/variety/Downloaded/artstation_www_artstation_com_donglu_rss/donglu-yu-ack-ev-yggdrasil-presentday-dyu-hires.jpg, time: 1679369880.310146'
INFO: 2023-03-21 09:23:00,311: apply_auto_rotate() 'ImageMagick auto-rotate cmd: convert /home/vishalbasnet23/.config/variety/Downloaded/artstation_www_artstation_com_donglu_rss/donglu-yu-ack-ev-yggdrasil-presentday-dyu-hires.jpg -auto-orient /home/vishalbasnet23/.config/variety/wallpaper/wallpaper-auto-rotated-7ada3c528cd04146fb983f3b2445e6b1.jpg'
INFO: 2023-03-21 09:23:00,358: prepare_thread() 'After search prepared buffer contains 41 images'
INFO: 2023-03-21 09:23:00,364: set_from_theme_icon() 'Showing status icon variety-indicator from GTK theme'
INFO: 2023-03-21 09:23:00,474: apply_display_mode() 'ImageMagick display mode cmd: convert /home/vishalbasnet23/.config/variety/wallpaper/wallpaper-auto-rotated-7ada3c528cd04146fb983f3b2445e6b1.jpg -scale 1920x1080^  /home/vishalbasnet23/.config/variety/wallpaper/wallpaper-zoomed-cd6bb988bb96e8c590f356603d28bb08.jpg'
INFO: 2023-03-21 09:23:00,603: update_indicator() 'Setting file info to: /home/vishalbasnet23/.config/variety/Downloaded/artstation_www_artstation_com_donglu_rss/donglu-yu-ack-ev-yggdrasil-presentday-dyu-hires.jpg'
INFO: 2023-03-21 09:23:00,608: list_files() 'More than 1 files in the folders, stop listing'
INFO: 2023-03-21 09:23:01,538: reload() 'Reloading preferences dialog'
INFO: 2023-03-21 09:23:02,358: trigger_download() 'Triggering download thread to check if download needed and possible'
INFO: 2023-03-21 09:23:20,229: server_options_thread() 'Fetching server options from http://tiny.cc/variety-options-063'
INFO: 2023-03-21 09:23:22,440: server_options_thread() 'Fetched server options: {'flickr': {'min_fill_queue_interval': 1200, 'min_download_interval': 1200}, 'wallbase': {'min_fill_queue_interval': 1800, 'min_download_interval': 1800}, 'wallhaven': {'min_fill_queue_interval': 1800, 'min_download_interval': 1800}, 'wallpapers.net': {'min_fill_queue_interval': 601, 'min_download_interval': 0}, 'unsplash': {'min_fill_queue_interval': 20000000000, 'min_download_interval': 20000000000}, 'unsplash_v2': {'min_fill_queue_interval': 3600, 'min_download_interval': 1800}, 'status_message': {'0.0.1': '', '*': ''}}'
INFO: 2023-03-21 09:26:08,881: set_wallpaper() 'Calling set_wallpaper with /home/vishalbasnet23/.config/variety/Downloaded/artstation_www_artstation_com_donglu_rss/donglu-yu-showcase-season07-2batch-02.jpg'
INFO: 2023-03-21 09:26:08,881: prepare_thread() 'Prepared buffer contains 41 images'
INFO: 2023-03-21 09:26:08,884: do_set_wp() 'Calling do_set_wp with /home/vishalbasnet23/.config/variety/Downloaded/artstation_www_artstation_com_donglu_rss/donglu-yu-showcase-season07-2batch-02.jpg, time: 1679370068.8847685'
INFO: 2023-03-21 09:26:08,885: apply_auto_rotate() 'ImageMagick auto-rotate cmd: convert /home/vishalbasnet23/.config/variety/Downloaded/artstation_www_artstation_com_donglu_rss/donglu-yu-showcase-season07-2batch-02.jpg -auto-orient /home/vishalbasnet23/.config/variety/wallpaper/wallpaper-auto-rotated-c476f398c3a946070779b6072966c93f.jpg'
INFO: 2023-03-21 09:26:08,998: apply_display_mode() 'ImageMagick display mode cmd: convert /home/vishalbasnet23/.config/variety/wallpaper/wallpaper-auto-rotated-c476f398c3a946070779b6072966c93f.jpg -scale 1920x1080^  /home/vishalbasnet23/.config/variety/wallpaper/wallpaper-zoomed-35de0a5cd8798362ce13b0a89dcd0e46.jpg'
INFO: 2023-03-21 09:26:09,167: update_indicator() 'Setting file info to: /home/vishalbasnet23/.config/variety/Downloaded/artstation_www_artstation_com_donglu_rss/donglu-yu-showcase-season07-2batch-02.jpg'
INFO: 2023-03-21 09:26:09,169: list_files() 'More than 1 files in the folders, stop listing'
INFO: 2023-03-21 09:26:10,883: trigger_download() 'Triggering download thread to check if download needed and possible'
INFO: 2023-03-21 09:26:10,884: get_throttling() 'ArtStation: parsing serverside options'
INFO: 2023-03-21 09:26:10,884: trigger_download() 'Triggering download thread to check if download needed and possible'
INFO: 2023-03-21 09:26:10,884: get_throttling() 'Could not parse ArtStation serverside options, using defaults None, None'
INFO: 2023-03-21 09:26:10,885: get_throttling() 'ArtStation: parsing serverside options'
INFO: 2023-03-21 09:26:10,885: get_throttling() 'Could not parse ArtStation serverside options, using defaults None, None'
INFO: 2023-03-21 09:26:10,885: download_one() 'ArtStation: Downloading an image, config: https://www.artstation.com/donglu.rss'
INFO: 2023-03-21 09:26:10,886: download_one() 'ArtStation: Queue size: 0'
INFO: 2023-03-21 09:26:10,886: get_throttling() 'ArtStation: parsing serverside options'
INFO: 2023-03-21 09:26:10,886: get_throttling() 'Could not parse ArtStation serverside options, using defaults None, None'
INFO: 2023-03-21 09:26:10,886: download_one() 'ArtStation: Filling queue'
INFO: 2023-03-21 09:26:10,886: fill_queue() 'ArtStation URL: https://www.artstation.com/donglu.rss'
INFO: 2023-03-21 09:26:13,312: download_one() 'ArtStation: Queue populated with 201 URLs'
INFO: 2023-03-21 09:26:13,312: save_locally() 'Origin URL: https://www.artstation.com/artwork/vJ99JY#12'
INFO: 2023-03-21 09:26:13,312: save_locally() 'Image URL: https://cdna.artstation.com/p/assets/images/images/045/370/770/large/donglu-yu-showcase-season08-1batch01.jpg?1642558416'
INFO: 2023-03-21 09:26:13,312: save_locally() 'Local path: /home/vishalbasnet23/.config/variety/Downloaded/artstation_www_artstation_com_donglu_rss/donglu-yu-showcase-season08-1batch01.jpg'
INFO: 2023-03-21 09:26:13,598: save_locally() 'Download complete'
INFO: 2023-03-21 09:26:13,599: update_indicator() 'Setting file info to: /home/vishalbasnet23/.config/variety/Downloaded/artstation_www_artstation_com_donglu_rss/donglu-yu-showcase-season07-2batch-02.jpg'
INFO: 2023-03-21 09:26:13,601: list_files() 'More than 1 files in the folders, stop listing'
INFO: 2023-03-21 09:26:13,601: download_one_from() 'Adding downloaded file /home/vishalbasnet23/.config/variety/Downloaded/artstation_www_artstation_com_donglu_rss/donglu-yu-showcase-season08-1batch01.jpg to unseen_downloads'
INFO: 2023-03-21 11:56:47,453: set_wallpaper() 'Calling set_wallpaper with /home/vishalbasnet23/.config/variety/Downloaded/artstation_www_artstation_com_donglu_rss/donglu-yu-ack-locationpo-villageonhill-closeup.jpg'
INFO: 2023-03-21 11:56:47,453: prepare_thread() 'Prepared buffer contains 41 images'
INFO: 2023-03-21 11:56:47,454: do_set_wp() 'Calling do_set_wp with /home/vishalbasnet23/.config/variety/Downloaded/artstation_www_artstation_com_donglu_rss/donglu-yu-ack-locationpo-villageonhill-closeup.jpg, time: 1679379107.454789'
INFO: 2023-03-21 11:56:47,455: apply_auto_rotate() 'ImageMagick auto-rotate cmd: convert /home/vishalbasnet23/.config/variety/Downloaded/artstation_www_artstation_com_donglu_rss/donglu-yu-ack-locationpo-villageonhill-closeup.jpg -auto-orient /home/vishalbasnet23/.config/variety/wallpaper/wallpaper-auto-rotated-83fbafd395d13b73cbeb82da6167468b.jpg'
INFO: 2023-03-21 11:56:47,588: apply_display_mode() 'ImageMagick display mode cmd: convert /home/vishalbasnet23/.config/variety/wallpaper/wallpaper-auto-rotated-83fbafd395d13b73cbeb82da6167468b.jpg -scale 1920x1080^  /home/vishalbasnet23/.config/variety/wallpaper/wallpaper-zoomed-3b6fa297416198014902bc6d5a7c0200.jpg'
INFO: 2023-03-21 11:56:47,731: update_indicator() 'Setting file info to: /home/vishalbasnet23/.config/variety/Downloaded/artstation_www_artstation_com_donglu_rss/donglu-yu-ack-locationpo-villageonhill-closeup.jpg'
INFO: 2023-03-21 11:56:47,733: list_files() 'More than 1 files in the folders, stop listing'
INFO: 2023-03-21 11:56:49,453: trigger_download() 'Triggering download thread to check if download needed and possible'
INFO: 2023-03-21 11:56:49,454: get_throttling() 'ArtStation: parsing serverside options'
INFO: 2023-03-21 11:56:49,454: get_throttling() 'Could not parse ArtStation serverside options, using defaults None, None'
INFO: 2023-03-21 11:56:49,454: get_throttling() 'ArtStation: parsing serverside options'
INFO: 2023-03-21 11:56:49,454: get_throttling() 'Could not parse ArtStation serverside options, using defaults None, None'
INFO: 2023-03-21 11:56:49,454: download_one() 'ArtStation: Downloading an image, config: https://www.artstation.com/donglu.rss'
INFO: 2023-03-21 11:56:49,454: download_one() 'ArtStation: Queue size: 200'
INFO: 2023-03-21 11:56:49,455: download_one() 'ArtStation: Queue populated with 200 URLs'
INFO: 2023-03-21 11:56:49,455: trigger_download() 'Triggering download thread to check if download needed and possible'
INFO: 2023-03-21 11:56:49,455: save_locally() 'Origin URL: https://www.artstation.com/artwork/zOoaKZ#36'
INFO: 2023-03-21 11:56:49,455: save_locally() 'Image URL: https://cdna.artstation.com/p/assets/images/images/034/606/358/large/donglu-yu-ack-gloucester-night-dyu.jpg?1612747799'
INFO: 2023-03-21 11:56:49,455: save_locally() 'Local path: /home/vishalbasnet23/.config/variety/Downloaded/artstation_www_artstation_com_donglu_rss/donglu-yu-ack-gloucester-night-dyu.jpg'
INFO: 2023-03-21 11:56:51,294: save_locally() 'Download complete'
INFO: 2023-03-21 11:56:51,294: update_indicator() 'Setting file info to: /home/vishalbasnet23/.config/variety/Downloaded/artstation_www_artstation_com_donglu_rss/donglu-yu-ack-locationpo-villageonhill-closeup.jpg'
INFO: 2023-03-21 11:56:51,295: list_files() 'More than 1 files in the folders, stop listing'
INFO: 2023-03-21 11:56:51,304: purge_downloaded() 'Refreshed download folder size: 580.7408170700073 mb'
INFO: 2023-03-21 11:56:51,305: download_one_from() 'Adding downloaded file /home/vishalbasnet23/.config/variety/Downloaded/artstation_www_artstation_com_donglu_rss/donglu-yu-ack-gloucester-night-dyu.jpg to unseen_downloads'
INFO: 2023-03-21 11:57:09,295: move_or_copy_file() 'Copied /home/vishalbasnet23/.config/variety/Downloaded/artstation_www_artstation_com_donglu_rss/donglu-yu-ack-locationpo-villageonhill-closeup.jpg to /home/vishalbasnet23/.config/variety/Favorites'
INFO: 2023-03-21 11:57:09,295: update_indicator() 'Setting file info to: /home/vishalbasnet23/.config/variety/Downloaded/artstation_www_artstation_com_donglu_rss/donglu-yu-ack-locationpo-villageonhill-closeup.jpg'
INFO: 2023-03-21 11:57:09,300: list_files() 'More than 1 files in the folders, stop listing'
